<?xml version="1.0" encoding="UTF-8"?>
<!-- Generated by org.testng.reporters.JUnitXMLReporter -->
<testsuite ignored="1" hostname="DESKTOP-S32E11Q" failures="0" tests="1" name="Default test" time="22.892" errors="0" timestamp="2024-06-26T10:02:16 IST">
  <testcase classname="test_package.HomePageTest" name="verifyUserLoginDate" time="6.344"/>
  <testcase classname="test_package.HomePageTest" name="verifyHomePageTitle" time="0.0">
    <ignored/>
  </testcase> <!-- verifyHomePageTitle -->
</testsuite> <!-- Default test -->
