<?xml version="1.0" encoding="UTF-8"?>
<!-- Generated by org.testng.reporters.JUnitXMLReporter -->
<testsuite ignored="0" hostname="DESKTOP-S32E11Q" failures="0" tests="6" name="All TestCases" time="153.59" errors="0" timestamp="2024-07-01T18:57:36 IST">
  <testcase classname="test_package.ResetPageTest" name="verifyErrorMessageWithInvalidEmailidOnForgotPassword" time="7.38"/>
  <testcase classname="test_package.ResetPageTest" name="verifyResetPassword" time="4.093"/>
  <testcase classname="test_package.LoginPageTest" name="verifyErrorMessageWhileLoginWithInvalidCredentials" time="1.588"/>
  <testcase classname="test_package.LoginPageTest" name="verifyErrorMessageWhileLoginWithInvalidCredentials" time="1.401"/>
  <testcase classname="test_package.LoginPageTest" name="verifyErrorMessageWhileLoginWithInvalidCredentials" time="1.625"/>
  <testcase classname="test_package.LoginPageTest" name="verifyUserLoginWithValidCredentials" time="5.728"/>
</testsuite> <!-- All TestCases -->
