<?xml version="1.0" encoding="UTF-8"?>
<!-- Generated by org.testng.reporters.JUnitXMLReporter -->
<testsuite ignored="1" hostname="DESKTOP-S32E11Q" failures="0" tests="1" name="Functional Test" time="57.804" errors="0" timestamp="2024-06-27T16:46:04 IST">
  <testcase classname="test_package.AddUserPageTest" name="verifyAddUser" time="26.014"/>
  <testcase classname="test_package.AddUserPageTest" name="verifyUserLoginWithNewlyAddedUser" time="0.0">
    <ignored/>
  </testcase> <!-- verifyUserLoginWithNewlyAddedUser -->
</testsuite> <!-- Functional Test -->
