<?xml version="1.0" encoding="UTF-8"?>
<!-- Generated by org.testng.reporters.JUnitXMLReporter -->
<testsuite ignored="0" hostname="DESKTOP-S32E11Q" failures="0" tests="4" name="LoginPage Test" time="112.378" errors="0" timestamp="2024-06-26T10:06:50 IST">
  <testcase classname="test_package.LoginPageTest" name="verifyErrorMessageWhileLoginWithInvalidCredentials" time="3.406"/>
  <testcase classname="test_package.LoginPageTest" name="verifyErrorMessageWhileLoginWithInvalidCredentials" time="2.589"/>
  <testcase classname="test_package.LoginPageTest" name="verifyErrorMessageWhileLoginWithInvalidCredentials" time="1.453"/>
  <testcase classname="test_package.LoginPageTest" name="verifyUserLoginWithValidCredentials" time="5.682"/>
</testsuite> <!-- LoginPage Test -->
