<?xml version="1.0" encoding="UTF-8"?>
<!-- Generated by org.testng.reporters.JUnitXMLReporter -->
<testsuite ignored="1" hostname="DESKTOP-S32E11Q" failures="0" tests="9" name="Report Test" time="364.485" errors="0" timestamp="2024-06-28T18:05:11 IST">
  <testcase classname="test_package.HomePageTest" name="verifyHomePageTitle" time="15.395"/>
  <testcase classname="test_package.LoginPageTest" name="verifyErrorMessageWhileLoginWithInvalidCredentials" time="2.062"/>
  <testcase classname="test_package.LoginPageTest" name="verifyErrorMessageWhileLoginWithInvalidCredentials" time="2.112"/>
  <testcase classname="test_package.LoginPageTest" name="verifyErrorMessageWhileLoginWithInvalidCredentials" time="9.603"/>
  <testcase classname="test_package.LoginPageTest" name="verifyUserLoginWithValidCredentials" time="9.763"/>
  <testcase classname="test_package.AddUserPageTest" name="verifyAddUser" time="24.075"/>
  <testcase classname="test_package.AddUserPageTest" name="verifyUserLoginWithNewlyAddedUser" time="5.546">
    <skipped/>
  </testcase> <!-- verifyUserLoginWithNewlyAddedUser -->
  <testcase classname="test_package.AddUserPageTest" name="verifyUserLoginWithNewlyAddedUser" time="6.044">
    <skipped/>
  </testcase> <!-- verifyUserLoginWithNewlyAddedUser -->
  <testcase classname="test_package.AddUserPageTest" name="verifyUserLoginWithNewlyAddedUser" time="27.718"/>
  <testcase classname="test_package.HomePageTest" name="verifyUserLoginDate" time="0.0">
    <ignored/>
  </testcase> <!-- verifyUserLoginDate -->
</testsuite> <!-- Report Test -->
