<?xml version="1.0" encoding="UTF-8"?>
<!-- Generated by org.testng.reporters.JUnitXMLReporter -->
<testsuite ignored="0" hostname="DESKTOP-S32E11Q" failures="0" tests="2" name="ResetPage Test" time="75.226" errors="0" timestamp="2024-06-26T10:06:13 IST">
  <testcase classname="test_package.ResetPageTest" name="verifyErrorMessageWithInvalidEmailidOnForgotPassword" time="5.494"/>
  <testcase classname="test_package.ResetPageTest" name="verifyResetPassword" time="5.583"/>
</testsuite> <!-- ResetPage Test -->
