<?xml version="1.0" encoding="UTF-8"?>
<!-- Generated by org.testng.reporters.JUnitXMLReporter -->
<testsuite ignored="1" hostname="DESKTOP-S32E11Q" failures="0" tests="1" name="Test" time="40.589" errors="0" timestamp="2024-06-30T19:23:45 IST">
  <testcase classname="test_package.AddUserPageTest" name="verifyUserLoginWithNewlyAddedUser" time="25.077"/>
  <testcase classname="test_package.AddUserPageTest" name="verifyAddUser" time="0.0">
    <ignored/>
  </testcase> <!-- verifyAddUser -->
</testsuite> <!-- Test -->
