<?xml version="1.0" encoding="UTF-8"?>
<testng-results ignored="0" total="1" passed="1" failed="0" skipped="0">
  <reporter-output>
  </reporter-output>
  <suite started-at="2024-06-30T19:23:04 IST" name="Functional Suite" finished-at="2024-06-30T19:23:45 IST" duration-ms="40589">
    <groups>
    </groups>
    <test started-at="2024-06-30T19:23:04 IST" name="Test" finished-at="2024-06-30T19:23:45 IST" duration-ms="40589">
      <class name="test_package.AddUserPageTest">
        <test-method is-config="true" signature="setUp(java.lang.String)[pri:0, instance:test_package.AddUserPageTest@6302bbb1]" started-at="2024-06-30T19:23:04 IST" name="setUp" finished-at="2024-06-30T19:23:19 IST" duration-ms="15065" status="PASS">
          <params>
            <param index="0">
              <value>
                <![CDATA[Chrome]]>
              </value>
            </param>
          </params>
          <reporter-output>
          </reporter-output>
        </test-method> <!-- setUp -->
        <test-method signature="verifyUserLoginWithNewlyAddedUser()[pri:0, instance:test_package.AddUserPageTest@6302bbb1]" started-at="2024-06-30T19:23:19 IST" name="verifyUserLoginWithNewlyAddedUser" finished-at="2024-06-30T19:23:44 IST" duration-ms="25077" status="PASS">
          <reporter-output>
          </reporter-output>
        </test-method> <!-- verifyUserLoginWithNewlyAddedUser -->
        <test-method is-config="true" signature="closeBrowser(org.testng.ITestResult)[pri:0, instance:test_package.AddUserPageTest@6302bbb1]" started-at="2024-06-30T19:23:44 IST" name="closeBrowser" finished-at="2024-06-30T19:23:45 IST" duration-ms="345" status="PASS">
          <params>
            <param index="0">
              <value>
                <![CDATA[[TestResult name=verifyUserLoginWithNewlyAddedUser status=SUCCESS method=AddUserPageTest.verifyUserLoginWithNewlyAddedUser()[pri:0, instance:test_package.AddUserPageTest@6302bbb1] output={null}]]]>
              </value>
            </param>
          </params>
          <reporter-output>
          </reporter-output>
        </test-method> <!-- closeBrowser -->
      </class> <!-- test_package.AddUserPageTest -->
    </test> <!-- Test -->
  </suite> <!-- Functional Suite -->
</testng-results>
